<?xml version="1.0" encoding="UTF-8"?>
<testsuite xmlns:xsi="http://www.w3.org/2001/XMLSchema-instance" xsi:noNamespaceSchemaLocation="https://maven.apache.org/surefire/maven-surefire-plugin/xsd/surefire-test-report.xsd" name="game.CoordinatePointsTest" time="0.083" tests="3" errors="0" skipped="0" failures="0">
  <properties>
    <property name="java.specification.version" value="14"/>
    <property name="sun.cpu.isalist" value="amd64"/>
    <property name="sun.jnu.encoding" value="Cp1250"/>
    <property name="java.class.path" value="C:\Users\yyy\Desktop\gameoflife\target\test-classes;C:\Users\yyy\Desktop\gameoflife\target\classes;C:\Users\yyy\.m2\repository\org\openjfx\javafx-controls\14\javafx-controls-14.jar;C:\Users\yyy\.m2\repository\org\openjfx\javafx-controls\14\javafx-controls-14-win.jar;C:\Users\yyy\.m2\repository\org\openjfx\javafx-graphics\14\javafx-graphics-14.jar;C:\Users\yyy\.m2\repository\org\openjfx\javafx-graphics\14\javafx-graphics-14-win.jar;C:\Users\yyy\.m2\repository\org\openjfx\javafx-base\14\javafx-base-14.jar;C:\Users\yyy\.m2\repository\org\openjfx\javafx-base\14\javafx-base-14-win.jar;C:\Users\yyy\.m2\repository\org\openjfx\javafx-fxml\14.0.1\javafx-fxml-14.0.1.jar;C:\Users\yyy\.m2\repository\org\openjfx\javafx-fxml\14.0.1\javafx-fxml-14.0.1-win.jar;C:\Users\yyy\.m2\repository\junit\junit\4.12\junit-4.12.jar;C:\Users\yyy\.m2\repository\org\hamcrest\hamcrest-core\1.3\hamcrest-core-1.3.jar;"/>
    <property name="java.vm.vendor" value="AdoptOpenJDK"/>
    <property name="sun.arch.data.model" value="64"/>
    <property name="user.variant" value=""/>
    <property name="java.vendor.url" value="https://adoptopenjdk.net/"/>
    <property name="user.timezone" value="Europe/Warsaw"/>
    <property name="os.name" value="Windows 10"/>
    <property name="java.vm.specification.version" value="14"/>
    <property name="sun.java.launcher" value="SUN_STANDARD"/>
    <property name="user.country" value="PL"/>
    <property name="sun.boot.library.path" value="C:\OpenJDK-11\bin"/>
    <property name="sun.java.command" value="C:\Users\yyy\AppData\Local\Temp\surefire5605567476026688598\surefirebooter15570166883227295826.jar C:\Users\yyy\AppData\Local\Temp\surefire5605567476026688598 2020-04-23T20-38-53_358-jvmRun1 surefire7550775271502292460tmp surefire_014857961513833578164tmp"/>
    <property name="jdk.debug" value="release"/>
    <property name="surefire.test.class.path" value="C:\Users\yyy\Desktop\gameoflife\target\test-classes;C:\Users\yyy\Desktop\gameoflife\target\classes;C:\Users\yyy\.m2\repository\org\openjfx\javafx-controls\14\javafx-controls-14.jar;C:\Users\yyy\.m2\repository\org\openjfx\javafx-controls\14\javafx-controls-14-win.jar;C:\Users\yyy\.m2\repository\org\openjfx\javafx-graphics\14\javafx-graphics-14.jar;C:\Users\yyy\.m2\repository\org\openjfx\javafx-graphics\14\javafx-graphics-14-win.jar;C:\Users\yyy\.m2\repository\org\openjfx\javafx-base\14\javafx-base-14.jar;C:\Users\yyy\.m2\repository\org\openjfx\javafx-base\14\javafx-base-14-win.jar;C:\Users\yyy\.m2\repository\org\openjfx\javafx-fxml\14.0.1\javafx-fxml-14.0.1.jar;C:\Users\yyy\.m2\repository\org\openjfx\javafx-fxml\14.0.1\javafx-fxml-14.0.1-win.jar;C:\Users\yyy\.m2\repository\junit\junit\4.12\junit-4.12.jar;C:\Users\yyy\.m2\repository\org\hamcrest\hamcrest-core\1.3\hamcrest-core-1.3.jar;"/>
    <property name="sun.cpu.endian" value="little"/>
    <property name="user.home" value="C:\Users\yyy"/>
    <property name="user.language" value="pl"/>
    <property name="java.specification.vendor" value="Oracle Corporation"/>
    <property name="java.version.date" value="2020-03-17"/>
    <property name="java.home" value="C:\OpenJDK-11"/>
    <property name="file.separator" value="\"/>
    <property name="basedir" value="C:\Users\yyy\Desktop\gameoflife"/>
    <property name="java.vm.compressedOopsMode" value="Zero based"/>
    <property name="line.separator" value="&#10;"/>
    <property name="java.vm.specification.vendor" value="Oracle Corporation"/>
    <property name="java.specification.name" value="Java Platform API Specification"/>
    <property name="surefire.real.class.path" value="C:\Users\yyy\AppData\Local\Temp\surefire5605567476026688598\surefirebooter15570166883227295826.jar"/>
    <property name="user.script" value=""/>
    <property name="sun.management.compiler" value="HotSpot 64-Bit Tiered Compilers"/>
    <property name="java.runtime.version" value="14+36"/>
    <property name="user.name" value="yyy"/>
    <property name="path.separator" value=";"/>
    <property name="os.version" value="10.0"/>
    <property name="java.runtime.name" value="OpenJDK Runtime Environment"/>
    <property name="file.encoding" value="Cp1250"/>
    <property name="java.vm.name" value="OpenJDK 64-Bit Server VM"/>
    <property name="idea.version2020.1" value="true"/>
    <property name="java.vendor.version" value="AdoptOpenJDK"/>
    <property name="localRepository" value="C:\Users\yyy\.m2\repository"/>
    <property name="java.vendor.url.bug" value="https://github.com/AdoptOpenJDK/openjdk-support/issues"/>
    <property name="java.io.tmpdir" value="C:\Users\yyy\AppData\Local\Temp\"/>
    <property name="java.version" value="14"/>
    <property name="user.dir" value="C:\Users\yyy\Desktop\gameoflife"/>
    <property name="os.arch" value="amd64"/>
    <property name="java.vm.specification.name" value="Java Virtual Machine Specification"/>
    <property name="sun.os.patch.level" value=""/>
    <property name="java.library.path" value="C:\OpenJDK-11\bin;C:\WINDOWS\Sun\Java\bin;C:\WINDOWS\system32;C:\WINDOWS;C:\OpenJDK-11\bin;C:\Maven\bin;C:\Program Files\Microsoft MPI\Bin\;C:\Program Files (x86)\Common Files\Oracle\Java\javapath;C:\Program Files (x86)\Intel\iCLS Client\;C:\Program Files\Intel\iCLS Client\;C:\Windows\system32;C:\Windows;C:\Windows\System32\Wbem;C:\Windows\System32\WindowsPowerShell\v1.0\;C:\Program Files (x86)\Intel\Intel(R) Management Engine Components\DAL;C:\Program Files\Intel\Intel(R) Management Engine Components\DAL;C:\Program Files (x86)\Intel\Intel(R) Management Engine Components\IPT;C:\Program Files\Intel\Intel(R) Management Engine Components\IPT;C:\WINDOWS\system32;C:\WINDOWS;C:\WINDOWS\System32\Wbem;C:\WINDOWS\System32\WindowsPowerShell\v1.0\;C:\WINDOWS\System32\OpenSSH\;C:\Program Files\dotnet\;C:\Program Files (x86)\NVIDIA Corporation\PhysX\Common;C:\Program Files\Microsoft SQL Server\130\Tools\Binn\;C:\Program Files\NVIDIA Corporation\NVIDIA NvDLISR;C:\Program Files\PuTTY\;C:\WINDOWS\system32;C:\WINDOWS;C:\WINDOWS\System32\Wbem;C:\WINDOWS\System32\WindowsPowerShell\v1.0\;C:\WINDOWS\System32\OpenSSH\;C:\Program Files (x86)\Microsoft SQL Server\150\DTS\Binn\;C:\Program Files\Git\cmd;D:\Program Files\MATLAB\R2019b\bin;C:\MinGW\bin;C:\Program Files\Pandoc\;C:\Program Files\Amazon Corretto\jdk11.0.4_10\bin;C:\Program Files\PyPy;C:\Program Files\cmake-3.17.0-win64-x64\cmake-3.17.0-win64-x64\bin;C:\Program Files\rebar;C:\JavaFX\javafx-sdk-11.0.2\bin;D:\Anaconda3;D:\Anaconda3\Library\usr\bin;D:\Anaconda3\Library\bin;D:\Anaconda3\Scripts;C:\Users\yyy\AppData\Local\Programs\Python\Python37-32\Scripts\;C:\Users\yyy\AppData\Local\Programs\Python\Python37-32\;C:\Users\yyy\AppData\Roaming\cabal\bin;C:\Users\yyy\AppData\Roaming\local\bin;C:\Users\yyy\AppData\Local\Microsoft\WindowsApps;D:\Latex\miktex\bin\x64\;C:\Program Files\erl10.6\bin;C:\Users\yyy\AppData\Local\Programs\Microsoft VS Code\bin;C:\MinGW\bin;;D:\CLion 2020.1\bin;;C:\Program Files\JetBrains\IntelliJ IDEA Community Edition 2020.1\bin;;."/>
    <property name="java.vm.info" value="mixed mode, sharing"/>
    <property name="java.vendor" value="AdoptOpenJDK"/>
    <property name="java.vm.version" value="14+36"/>
    <property name="sun.io.unicode.encoding" value="UnicodeLittle"/>
    <property name="java.class.version" value="58.0"/>
  </properties>
  <testcase name="creatingNewCoordinatePointsTest" classname="game.CoordinatePointsTest" time="0.006"/>
  <testcase name="checkIfRightColorReturnedForPoints" classname="game.CoordinatePointsTest" time="0.016"/>
  <testcase name="errorWhenCreatingDifferentSizesCoordinatePointsTest" classname="game.CoordinatePointsTest" time="0.001"/>
</testsuite>